<?xml version="1.0" encoding="UTF-8"?>
<!-- Generated by org.testng.reporters.JUnitReportReporter -->
<testsuite hostname="LAPTOP-JJJVOQSA" failures="0" tests="2" name="TestNG.Practice.FirstProject" time="0.019" errors="0" timestamp="18 Jan 2023 06:37:17 GMT" skipped="0">
  <testcase classname="TestNG.Practice.FirstProject" name="Browserlaunch" time="0.017"/>
  <testcase classname="TestNG.Practice.FirstProject" name="LoadUrlAddress" time="0.002"/>
</testsuite> <!-- TestNG.Practice.FirstProject -->
